DEB [20210725-08:57:03.219] thr=1   paramiko.transport: starting thread (client mode): 0x3cb123d0
DEB [20210725-08:57:03.219] thr=1   paramiko.transport: Local version/idstring: SSH-2.0-paramiko_2.7.2
DEB [20210725-08:57:03.223] thr=1   paramiko.transport: Remote version/idstring: SSH-2.0--
INF [20210725-08:57:03.223] thr=1   paramiko.transport: Connected (version 2.0, client -)
DEB [20210725-08:57:03.226] thr=1   paramiko.transport: kex algos:['diffie-hellman-group-exchange-sha1', 'diffie-hellman-group14-sha1', 'diffie-hellman-group1-sha1'] server key:['ssh-dss', 'ssh-rsa'] client encrypt:['aes256-ctr', 'aes128-ctr', 'aes256-cbc', 'aes128-cbc', '3des-cbc'] server encrypt:['aes256-ctr', 'aes128-ctr', 'aes256-cbc', 'aes128-cbc', '3des-cbc'] client mac:['hmac-sha2-256', 'hmac-sha2-256-96', 'hmac-sha1', 'hmac-sha1-96', 'hmac-md5', 'hmac-md5-96'] server mac:['hmac-sha2-256', 'hmac-sha2-256-96', 'hmac-sha1', 'hmac-sha1-96', 'hmac-md5', 'hmac-md5-96'] client compress:['none', 'zlib'] server compress:['none', 'zlib'] client lang:[''] server lang:[''] kex follows?False
DEB [20210725-08:57:03.226] thr=1   paramiko.transport: Kex agreed: diffie-hellman-group-exchange-sha1
DEB [20210725-08:57:03.226] thr=1   paramiko.transport: HostKey agreed: ssh-rsa
DEB [20210725-08:57:03.227] thr=1   paramiko.transport: Cipher agreed: aes128-ctr
DEB [20210725-08:57:03.227] thr=1   paramiko.transport: MAC agreed: hmac-sha2-256
DEB [20210725-08:57:03.227] thr=1   paramiko.transport: Compression agreed: none
DEB [20210725-08:57:03.390] thr=1   paramiko.transport: Got server p (2048 bits)
DEB [20210725-08:57:06.108] thr=1   paramiko.transport: kex engine KexGex specified hash_algo <built-in function openssl_sha1>
DEB [20210725-08:57:06.109] thr=1   paramiko.transport: Switch to new keys ...
DEB [20210725-08:57:06.109] thr=2   paramiko.transport: Adding ssh-rsa host key for 192.168.16.2: b'f9f7d7ca5f9289a2e869fc25edce37a2'
DEB [20210725-08:57:06.131] thr=1   paramiko.transport: userauth is OK
INF [20210725-08:57:06.140] thr=1   paramiko.transport: Authentication (password) successful!
DEB [20210725-08:57:06.141] thr=2   paramiko.transport: [chan 0] Max packet in: 32768 bytes
DEB [20210725-08:57:06.147] thr=1   paramiko.transport: [chan 0] Max packet out: 32768 bytes
DEB [20210725-08:57:06.147] thr=1   paramiko.transport: Secsh channel 0 opened.
DEB [20210725-08:57:06.160] thr=1   paramiko.transport: [chan 0] Sesch channel 0 request ok
DEB [20210725-08:57:06.166] thr=1   paramiko.transport: [chan 0] Sesch channel 0 request ok
DEB [20210725-08:59:03.306] thr=1   paramiko.transport: starting thread (client mode): 0xb16c03d0
DEB [20210725-08:59:03.307] thr=1   paramiko.transport: Local version/idstring: SSH-2.0-paramiko_2.7.2
DEB [20210725-08:59:03.311] thr=1   paramiko.transport: Remote version/idstring: SSH-2.0--
INF [20210725-08:59:03.311] thr=1   paramiko.transport: Connected (version 2.0, client -)
DEB [20210725-08:59:03.314] thr=1   paramiko.transport: kex algos:['diffie-hellman-group-exchange-sha1', 'diffie-hellman-group14-sha1', 'diffie-hellman-group1-sha1'] server key:['ssh-dss', 'ssh-rsa'] client encrypt:['aes256-ctr', 'aes128-ctr', 'aes256-cbc', 'aes128-cbc', '3des-cbc'] server encrypt:['aes256-ctr', 'aes128-ctr', 'aes256-cbc', 'aes128-cbc', '3des-cbc'] client mac:['hmac-sha2-256', 'hmac-sha2-256-96', 'hmac-sha1', 'hmac-sha1-96', 'hmac-md5', 'hmac-md5-96'] server mac:['hmac-sha2-256', 'hmac-sha2-256-96', 'hmac-sha1', 'hmac-sha1-96', 'hmac-md5', 'hmac-md5-96'] client compress:['none', 'zlib'] server compress:['none', 'zlib'] client lang:[''] server lang:[''] kex follows?False
DEB [20210725-08:59:03.314] thr=1   paramiko.transport: Kex agreed: diffie-hellman-group-exchange-sha1
DEB [20210725-08:59:03.314] thr=1   paramiko.transport: HostKey agreed: ssh-rsa
DEB [20210725-08:59:03.315] thr=1   paramiko.transport: Cipher agreed: aes128-ctr
DEB [20210725-08:59:03.315] thr=1   paramiko.transport: MAC agreed: hmac-sha2-256
DEB [20210725-08:59:03.315] thr=1   paramiko.transport: Compression agreed: none
DEB [20210725-08:59:03.328] thr=1   paramiko.transport: Got server p (2048 bits)
DEB [20210725-08:59:06.066] thr=1   paramiko.transport: kex engine KexGex specified hash_algo <built-in function openssl_sha1>
DEB [20210725-08:59:06.066] thr=1   paramiko.transport: Switch to new keys ...
DEB [20210725-08:59:06.067] thr=2   paramiko.transport: Adding ssh-rsa host key for 192.168.16.2: b'f9f7d7ca5f9289a2e869fc25edce37a2'
DEB [20210725-08:59:06.097] thr=1   paramiko.transport: userauth is OK
INF [20210725-08:59:06.106] thr=1   paramiko.transport: Authentication (password) successful!
DEB [20210725-08:59:06.107] thr=2   paramiko.transport: [chan 0] Max packet in: 32768 bytes
DEB [20210725-08:59:06.113] thr=1   paramiko.transport: [chan 0] Max packet out: 32768 bytes
DEB [20210725-08:59:06.113] thr=1   paramiko.transport: Secsh channel 0 opened.
DEB [20210725-08:59:06.118] thr=1   paramiko.transport: [chan 0] Sesch channel 0 request ok
DEB [20210725-08:59:06.123] thr=1   paramiko.transport: [chan 0] Sesch channel 0 request ok
DEB [20210725-09:03:53.823] thr=1   paramiko.transport: starting thread (client mode): 0x1e093d0
DEB [20210725-09:03:53.824] thr=1   paramiko.transport: Local version/idstring: SSH-2.0-paramiko_2.7.2
DEB [20210725-09:03:53.829] thr=1   paramiko.transport: Remote version/idstring: SSH-2.0--
INF [20210725-09:03:53.829] thr=1   paramiko.transport: Connected (version 2.0, client -)
DEB [20210725-09:03:53.832] thr=1   paramiko.transport: kex algos:['diffie-hellman-group-exchange-sha1', 'diffie-hellman-group14-sha1', 'diffie-hellman-group1-sha1'] server key:['ssh-dss', 'ssh-rsa'] client encrypt:['aes256-ctr', 'aes128-ctr', 'aes256-cbc', 'aes128-cbc', '3des-cbc'] server encrypt:['aes256-ctr', 'aes128-ctr', 'aes256-cbc', 'aes128-cbc', '3des-cbc'] client mac:['hmac-sha2-256', 'hmac-sha2-256-96', 'hmac-sha1', 'hmac-sha1-96', 'hmac-md5', 'hmac-md5-96'] server mac:['hmac-sha2-256', 'hmac-sha2-256-96', 'hmac-sha1', 'hmac-sha1-96', 'hmac-md5', 'hmac-md5-96'] client compress:['none', 'zlib'] server compress:['none', 'zlib'] client lang:[''] server lang:[''] kex follows?False
DEB [20210725-09:03:53.832] thr=1   paramiko.transport: Kex agreed: diffie-hellman-group-exchange-sha1
DEB [20210725-09:03:53.832] thr=1   paramiko.transport: HostKey agreed: ssh-rsa
DEB [20210725-09:03:53.833] thr=1   paramiko.transport: Cipher agreed: aes128-ctr
DEB [20210725-09:03:53.833] thr=1   paramiko.transport: MAC agreed: hmac-sha2-256
DEB [20210725-09:03:53.833] thr=1   paramiko.transport: Compression agreed: none
DEB [20210725-09:03:53.925] thr=1   paramiko.transport: Got server p (2048 bits)
DEB [20210725-09:03:56.635] thr=1   paramiko.transport: kex engine KexGex specified hash_algo <built-in function openssl_sha1>
DEB [20210725-09:03:56.636] thr=1   paramiko.transport: Switch to new keys ...
DEB [20210725-09:03:56.636] thr=2   paramiko.transport: Adding ssh-rsa host key for 192.168.16.2: b'f9f7d7ca5f9289a2e869fc25edce37a2'
DEB [20210725-09:03:56.665] thr=1   paramiko.transport: userauth is OK
INF [20210725-09:03:56.696] thr=1   paramiko.transport: Authentication (password) successful!
DEB [20210725-09:03:56.697] thr=2   paramiko.transport: [chan 0] Max packet in: 32768 bytes
DEB [20210725-09:03:56.703] thr=1   paramiko.transport: [chan 0] Max packet out: 32768 bytes
DEB [20210725-09:03:56.703] thr=1   paramiko.transport: Secsh channel 0 opened.
DEB [20210725-09:03:56.708] thr=1   paramiko.transport: [chan 0] Sesch channel 0 request ok
DEB [20210725-09:03:56.719] thr=1   paramiko.transport: [chan 0] Sesch channel 0 request ok
DEB [20210725-09:05:19.377] thr=1   paramiko.transport: starting thread (client mode): 0xc25403d0
DEB [20210725-09:05:19.377] thr=1   paramiko.transport: Local version/idstring: SSH-2.0-paramiko_2.7.2
DEB [20210725-09:05:19.382] thr=1   paramiko.transport: Remote version/idstring: SSH-2.0--
INF [20210725-09:05:19.382] thr=1   paramiko.transport: Connected (version 2.0, client -)
DEB [20210725-09:05:19.385] thr=1   paramiko.transport: kex algos:['diffie-hellman-group-exchange-sha1', 'diffie-hellman-group14-sha1', 'diffie-hellman-group1-sha1'] server key:['ssh-dss', 'ssh-rsa'] client encrypt:['aes256-ctr', 'aes128-ctr', 'aes256-cbc', 'aes128-cbc', '3des-cbc'] server encrypt:['aes256-ctr', 'aes128-ctr', 'aes256-cbc', 'aes128-cbc', '3des-cbc'] client mac:['hmac-sha2-256', 'hmac-sha2-256-96', 'hmac-sha1', 'hmac-sha1-96', 'hmac-md5', 'hmac-md5-96'] server mac:['hmac-sha2-256', 'hmac-sha2-256-96', 'hmac-sha1', 'hmac-sha1-96', 'hmac-md5', 'hmac-md5-96'] client compress:['none', 'zlib'] server compress:['none', 'zlib'] client lang:[''] server lang:[''] kex follows?False
DEB [20210725-09:05:19.385] thr=1   paramiko.transport: Kex agreed: diffie-hellman-group-exchange-sha1
DEB [20210725-09:05:19.385] thr=1   paramiko.transport: HostKey agreed: ssh-rsa
DEB [20210725-09:05:19.386] thr=1   paramiko.transport: Cipher agreed: aes128-ctr
DEB [20210725-09:05:19.386] thr=1   paramiko.transport: MAC agreed: hmac-sha2-256
DEB [20210725-09:05:19.386] thr=1   paramiko.transport: Compression agreed: none
DEB [20210725-09:05:19.467] thr=1   paramiko.transport: Got server p (2048 bits)
DEB [20210725-09:05:22.210] thr=1   paramiko.transport: kex engine KexGex specified hash_algo <built-in function openssl_sha1>
DEB [20210725-09:05:22.211] thr=1   paramiko.transport: Switch to new keys ...
DEB [20210725-09:05:22.211] thr=2   paramiko.transport: Adding ssh-rsa host key for 192.168.16.2: b'f9f7d7ca5f9289a2e869fc25edce37a2'
DEB [20210725-09:05:22.224] thr=1   paramiko.transport: userauth is OK
INF [20210725-09:05:22.233] thr=1   paramiko.transport: Authentication (password) successful!
DEB [20210725-09:05:22.234] thr=2   paramiko.transport: [chan 0] Max packet in: 32768 bytes
DEB [20210725-09:05:22.239] thr=1   paramiko.transport: [chan 0] Max packet out: 32768 bytes
DEB [20210725-09:05:22.240] thr=1   paramiko.transport: Secsh channel 0 opened.
DEB [20210725-09:05:22.245] thr=1   paramiko.transport: [chan 0] Sesch channel 0 request ok
DEB [20210725-09:05:22.259] thr=1   paramiko.transport: [chan 0] Sesch channel 0 request ok
DEB [20210725-09:43:46.667] thr=1   paramiko.transport: starting thread (client mode): 0x375683d0
DEB [20210725-09:43:46.667] thr=1   paramiko.transport: Local version/idstring: SSH-2.0-paramiko_2.7.2
DEB [20210725-09:43:46.672] thr=1   paramiko.transport: Remote version/idstring: SSH-2.0--
INF [20210725-09:43:46.672] thr=1   paramiko.transport: Connected (version 2.0, client -)
DEB [20210725-09:43:46.675] thr=1   paramiko.transport: kex algos:['diffie-hellman-group-exchange-sha1', 'diffie-hellman-group14-sha1', 'diffie-hellman-group1-sha1'] server key:['ssh-dss', 'ssh-rsa'] client encrypt:['aes256-ctr', 'aes128-ctr', 'aes256-cbc', 'aes128-cbc', '3des-cbc'] server encrypt:['aes256-ctr', 'aes128-ctr', 'aes256-cbc', 'aes128-cbc', '3des-cbc'] client mac:['hmac-sha2-256', 'hmac-sha2-256-96', 'hmac-sha1', 'hmac-sha1-96', 'hmac-md5', 'hmac-md5-96'] server mac:['hmac-sha2-256', 'hmac-sha2-256-96', 'hmac-sha1', 'hmac-sha1-96', 'hmac-md5', 'hmac-md5-96'] client compress:['none', 'zlib'] server compress:['none', 'zlib'] client lang:[''] server lang:[''] kex follows?False
DEB [20210725-09:43:46.675] thr=1   paramiko.transport: Kex agreed: diffie-hellman-group-exchange-sha1
DEB [20210725-09:43:46.676] thr=1   paramiko.transport: HostKey agreed: ssh-rsa
DEB [20210725-09:43:46.676] thr=1   paramiko.transport: Cipher agreed: aes128-ctr
DEB [20210725-09:43:46.676] thr=1   paramiko.transport: MAC agreed: hmac-sha2-256
DEB [20210725-09:43:46.677] thr=1   paramiko.transport: Compression agreed: none
DEB [20210725-09:43:46.711] thr=1   paramiko.transport: Got server p (2048 bits)
DEB [20210725-09:43:49.481] thr=1   paramiko.transport: kex engine KexGex specified hash_algo <built-in function openssl_sha1>
DEB [20210725-09:43:49.481] thr=1   paramiko.transport: Switch to new keys ...
DEB [20210725-09:43:49.482] thr=2   paramiko.transport: Adding ssh-rsa host key for 192.168.16.2: b'f9f7d7ca5f9289a2e869fc25edce37a2'
DEB [20210725-09:43:49.520] thr=1   paramiko.transport: userauth is OK
INF [20210725-09:43:49.530] thr=1   paramiko.transport: Authentication (password) successful!
DEB [20210725-09:43:49.531] thr=2   paramiko.transport: [chan 0] Max packet in: 32768 bytes
DEB [20210725-09:43:49.536] thr=1   paramiko.transport: [chan 0] Max packet out: 32768 bytes
DEB [20210725-09:43:49.536] thr=1   paramiko.transport: Secsh channel 0 opened.
DEB [20210725-09:43:49.544] thr=1   paramiko.transport: [chan 0] Sesch channel 0 request ok
DEB [20210725-09:43:49.550] thr=1   paramiko.transport: [chan 0] Sesch channel 0 request ok
DEB [20210725-10:52:46.372] thr=1   paramiko.transport: starting thread (client mode): 0x1dc843d0
DEB [20210725-10:52:46.372] thr=1   paramiko.transport: Local version/idstring: SSH-2.0-paramiko_2.7.2
DEB [20210725-10:52:46.376] thr=1   paramiko.transport: Remote version/idstring: SSH-2.0--
INF [20210725-10:52:46.376] thr=1   paramiko.transport: Connected (version 2.0, client -)
DEB [20210725-10:52:46.379] thr=1   paramiko.transport: kex algos:['diffie-hellman-group-exchange-sha1', 'diffie-hellman-group14-sha1', 'diffie-hellman-group1-sha1'] server key:['ssh-dss', 'ssh-rsa'] client encrypt:['aes256-ctr', 'aes128-ctr', 'aes256-cbc', 'aes128-cbc', '3des-cbc'] server encrypt:['aes256-ctr', 'aes128-ctr', 'aes256-cbc', 'aes128-cbc', '3des-cbc'] client mac:['hmac-sha2-256', 'hmac-sha2-256-96', 'hmac-sha1', 'hmac-sha1-96', 'hmac-md5', 'hmac-md5-96'] server mac:['hmac-sha2-256', 'hmac-sha2-256-96', 'hmac-sha1', 'hmac-sha1-96', 'hmac-md5', 'hmac-md5-96'] client compress:['none', 'zlib'] server compress:['none', 'zlib'] client lang:[''] server lang:[''] kex follows?False
DEB [20210725-10:52:46.379] thr=1   paramiko.transport: Kex agreed: diffie-hellman-group-exchange-sha1
DEB [20210725-10:52:46.379] thr=1   paramiko.transport: HostKey agreed: ssh-rsa
DEB [20210725-10:52:46.380] thr=1   paramiko.transport: Cipher agreed: aes128-ctr
DEB [20210725-10:52:46.380] thr=1   paramiko.transport: MAC agreed: hmac-sha2-256
DEB [20210725-10:52:46.380] thr=1   paramiko.transport: Compression agreed: none
DEB [20210725-10:52:46.588] thr=1   paramiko.transport: Got server p (2048 bits)
DEB [20210725-10:52:49.345] thr=1   paramiko.transport: kex engine KexGex specified hash_algo <built-in function openssl_sha1>
DEB [20210725-10:52:49.346] thr=1   paramiko.transport: Switch to new keys ...
DEB [20210725-10:52:49.347] thr=2   paramiko.transport: Adding ssh-rsa host key for 192.168.16.2: b'f9f7d7ca5f9289a2e869fc25edce37a2'
DEB [20210725-10:52:49.373] thr=1   paramiko.transport: userauth is OK
INF [20210725-10:52:49.382] thr=1   paramiko.transport: Authentication (password) successful!
DEB [20210725-10:52:49.383] thr=2   paramiko.transport: [chan 0] Max packet in: 32768 bytes
DEB [20210725-10:52:49.388] thr=1   paramiko.transport: [chan 0] Max packet out: 32768 bytes
DEB [20210725-10:52:49.389] thr=1   paramiko.transport: Secsh channel 0 opened.
DEB [20210725-10:52:49.394] thr=1   paramiko.transport: [chan 0] Sesch channel 0 request ok
DEB [20210725-10:52:49.399] thr=1   paramiko.transport: [chan 0] Sesch channel 0 request ok
DEB [20210725-11:03:46.460] thr=1   paramiko.transport: starting thread (client mode): 0x1f4b63d0
DEB [20210725-11:03:46.460] thr=1   paramiko.transport: Local version/idstring: SSH-2.0-paramiko_2.7.2
DEB [20210725-11:03:46.465] thr=1   paramiko.transport: Remote version/idstring: SSH-2.0--
INF [20210725-11:03:46.466] thr=1   paramiko.transport: Connected (version 2.0, client -)
DEB [20210725-11:03:46.468] thr=1   paramiko.transport: kex algos:['diffie-hellman-group-exchange-sha1', 'diffie-hellman-group14-sha1', 'diffie-hellman-group1-sha1'] server key:['ssh-dss', 'ssh-rsa'] client encrypt:['aes256-ctr', 'aes128-ctr', 'aes256-cbc', 'aes128-cbc', '3des-cbc'] server encrypt:['aes256-ctr', 'aes128-ctr', 'aes256-cbc', 'aes128-cbc', '3des-cbc'] client mac:['hmac-sha2-256', 'hmac-sha2-256-96', 'hmac-sha1', 'hmac-sha1-96', 'hmac-md5', 'hmac-md5-96'] server mac:['hmac-sha2-256', 'hmac-sha2-256-96', 'hmac-sha1', 'hmac-sha1-96', 'hmac-md5', 'hmac-md5-96'] client compress:['none', 'zlib'] server compress:['none', 'zlib'] client lang:[''] server lang:[''] kex follows?False
DEB [20210725-11:03:46.469] thr=1   paramiko.transport: Kex agreed: diffie-hellman-group-exchange-sha1
DEB [20210725-11:03:46.469] thr=1   paramiko.transport: HostKey agreed: ssh-rsa
DEB [20210725-11:03:46.469] thr=1   paramiko.transport: Cipher agreed: aes128-ctr
DEB [20210725-11:03:46.469] thr=1   paramiko.transport: MAC agreed: hmac-sha2-256
DEB [20210725-11:03:46.469] thr=1   paramiko.transport: Compression agreed: none
DEB [20210725-11:03:46.626] thr=1   paramiko.transport: Got server p (2048 bits)
DEB [20210725-11:03:49.416] thr=1   paramiko.transport: kex engine KexGex specified hash_algo <built-in function openssl_sha1>
DEB [20210725-11:03:49.417] thr=1   paramiko.transport: Switch to new keys ...
DEB [20210725-11:03:49.418] thr=2   paramiko.transport: Adding ssh-rsa host key for 192.168.16.2: b'f9f7d7ca5f9289a2e869fc25edce37a2'
DEB [20210725-11:03:49.426] thr=1   paramiko.transport: userauth is OK
INF [20210725-11:03:49.444] thr=1   paramiko.transport: Authentication (password) successful!
DEB [20210725-11:03:49.445] thr=2   paramiko.transport: [chan 0] Max packet in: 32768 bytes
DEB [20210725-11:03:49.450] thr=1   paramiko.transport: [chan 0] Max packet out: 32768 bytes
DEB [20210725-11:03:49.450] thr=1   paramiko.transport: Secsh channel 0 opened.
DEB [20210725-11:03:49.455] thr=1   paramiko.transport: [chan 0] Sesch channel 0 request ok
DEB [20210725-11:03:49.460] thr=1   paramiko.transport: [chan 0] Sesch channel 0 request ok
